This is pdfTeX, Version 3.1415926-1.40.10 (TeX Live 2009/Debian) (format=pdflatex 2013.10.10)  5 DEC 2013 15:17
entering extended mode
 %&-line parsing enabled.
**\nonstopmode\input schematics.tex
(./schematics.tex (/usr/share/texmf-texlive/tex/latex/base/article.cls
Document Class: article 2007/10/19 v1.4h Standard LaTeX document class
(/usr/share/texmf-texlive/tex/latex/base/size10.clo
File: size10.clo 2007/10/19 v1.4h Standard LaTeX file (size option)
)
\c@part=\count79
\c@section=\count80
\c@subsection=\count81
\c@subsubsection=\count82
\c@paragraph=\count83
\c@subparagraph=\count84
\c@figure=\count85
\c@table=\count86
\abovecaptionskip=\skip41
\belowcaptionskip=\skip42
\bibindent=\dimen102
)
(/usr/share/texmf-texlive/tex/latex/graphics/graphicx.sty
Package: graphicx 1999/02/16 v1.0f Enhanced LaTeX Graphics (DPC,SPQR)

(/usr/share/texmf-texlive/tex/latex/graphics/keyval.sty
Package: keyval 1999/03/16 v1.13 key=value parser (DPC)
\KV@toks@=\toks14
)
(/usr/share/texmf-texlive/tex/latex/graphics/graphics.sty
Package: graphics 2009/02/05 v1.0o Standard LaTeX Graphics (DPC,SPQR)

(/usr/share/texmf-texlive/tex/latex/graphics/trig.sty
Package: trig 1999/03/16 v1.09 sin cos tan (DPC)
)
(/etc/texmf/tex/latex/config/graphics.cfg
File: graphics.cfg 2009/08/28 v1.8 graphics configuration of TeX Live
)
Package graphics Info: Driver file: pdftex.def on input line 91.

(/usr/share/texmf-texlive/tex/latex/pdftex-def/pdftex.def
File: pdftex.def 2010/03/12 v0.04p Graphics/color for pdfTeX
\Gread@gobject=\count87
))
\Gin@req@height=\dimen103
\Gin@req@width=\dimen104
)
(/usr/share/texmf-texlive/tex/latex/amsmath/amsmath.sty
Package: amsmath 2000/07/18 v2.13 AMS math features
\@mathmargin=\skip43

For additional information on amsmath, use the `?' option.
(/usr/share/texmf-texlive/tex/latex/amsmath/amstext.sty
Package: amstext 2000/06/29 v2.01

(/usr/share/texmf-texlive/tex/latex/amsmath/amsgen.sty
File: amsgen.sty 1999/11/30 v2.0
\@emptytoks=\toks15
\ex@=\dimen105
))
(/usr/share/texmf-texlive/tex/latex/amsmath/amsbsy.sty
Package: amsbsy 1999/11/29 v1.2d
\pmbraise@=\dimen106
)
(/usr/share/texmf-texlive/tex/latex/amsmath/amsopn.sty
Package: amsopn 1999/12/14 v2.01 operator names
)
\inf@bad=\count88
LaTeX Info: Redefining \frac on input line 211.
\uproot@=\count89
\leftroot@=\count90
LaTeX Info: Redefining \overline on input line 307.
\classnum@=\count91
\DOTSCASE@=\count92
LaTeX Info: Redefining \ldots on input line 379.
LaTeX Info: Redefining \dots on input line 382.
LaTeX Info: Redefining \cdots on input line 467.
\Mathstrutbox@=\box26
\strutbox@=\box27
\big@size=\dimen107
LaTeX Font Info:    Redeclaring font encoding OML on input line 567.
LaTeX Font Info:    Redeclaring font encoding OMS on input line 568.
\macc@depth=\count93
\c@MaxMatrixCols=\count94
\dotsspace@=\muskip10
\c@parentequation=\count95
\dspbrk@lvl=\count96
\tag@help=\toks16
\row@=\count97
\column@=\count98
\maxfields@=\count99
\andhelp@=\toks17
\eqnshift@=\dimen108
\alignsep@=\dimen109
\tagshift@=\dimen110
\tagwidth@=\dimen111
\totwidth@=\dimen112
\lineht@=\dimen113
\@envbody=\toks18
\multlinegap=\skip44
\multlinetaggap=\skip45
\mathdisplay@stack=\toks19
LaTeX Info: Redefining \[ on input line 2666.
LaTeX Info: Redefining \] on input line 2667.
)
(/usr/share/texmf-texlive/tex/latex/subfigure/subfigure.sty
Package: subfigure 2002/03/15 v2.1.5 subfigure package
\subfigtopskip=\skip46
\subfigcapskip=\skip47
\subfigcaptopadj=\dimen114
\subfigbottomskip=\skip48
\subfigcapmargin=\dimen115
\subfiglabelskip=\skip49
\c@subfigure=\count100
\c@lofdepth=\count101
\c@subtable=\count102
\c@lotdepth=\count103

****************************************
* Local config file subfigure.cfg used *
****************************************
(/usr/share/texmf-texlive/tex/latex/subfigure/subfigure.cfg)
\subfig@top=\skip50
\subfig@bottom=\skip51
) (./schematics.aux)
\openout1 = `schematics.aux'.

LaTeX Font Info:    Checking defaults for OML/cmm/m/it on input line 6.
LaTeX Font Info:    ... okay on input line 6.
LaTeX Font Info:    Checking defaults for T1/cmr/m/n on input line 6.
LaTeX Font Info:    ... okay on input line 6.
LaTeX Font Info:    Checking defaults for OT1/cmr/m/n on input line 6.
LaTeX Font Info:    ... okay on input line 6.
LaTeX Font Info:    Checking defaults for OMS/cmsy/m/n on input line 6.
LaTeX Font Info:    ... okay on input line 6.
LaTeX Font Info:    Checking defaults for OMX/cmex/m/n on input line 6.
LaTeX Font Info:    ... okay on input line 6.
LaTeX Font Info:    Checking defaults for U/cmr/m/n on input line 6.
LaTeX Font Info:    ... okay on input line 6.
 (/usr/share/texmf-texlive/tex/context/base/supp-pdf.mkii
[Loading MPS to PDF converter (version 2006.09.02).]
\scratchcounter=\count104
\scratchdimen=\dimen116
\scratchbox=\box28
\nofMPsegments=\count105
\nofMParguments=\count106
\everyMPshowfont=\toks20
\MPscratchCnt=\count107
\MPscratchDim=\dimen117
\MPnumerator=\count108
\everyMPtoPDFconversion=\toks21
)

pdfTeX warning: pdflatex (file ./erg_to_drg/dot4.pdf): PDF inclusion: found PDF
 version <1.5>, but at most version <1.4> allowed
<erg_to_drg/dot4.pdf, id=1, 478.78876pt x 694.595pt>
File: erg_to_drg/dot4.pdf Graphic file (type pdf)
 <use erg_to_drg/dot4.pdf>

pdfTeX warning: pdflatex (file ./erg_to_drg/dot2.pdf): PDF inclusion: found PDF
 version <1.5>, but at most version <1.4> allowed
<erg_to_drg/dot2.pdf, id=3, 478.78876pt x 694.595pt>
File: erg_to_drg/dot2.pdf Graphic file (type pdf)
 <use erg_to_drg/dot2.pdf>

pdfTeX warning: pdflatex (file ./regen_to_eval_to_regen/dot6.pdf): PDF inclusio
n: found PDF version <1.5>, but at most version <1.4> allowed
<regen_to_eval_to_regen/dot6.pdf, id=5, 423.5825pt x 477.785pt>
File: regen_to_eval_to_regen/dot6.pdf Graphic file (type pdf)

<use regen_to_eval_to_regen/dot6.pdf>

pdfTeX warning: pdflatex (file ./regen_to_eval_to_regen/dot2.pdf): PDF inclusio
n: found PDF version <1.5>, but at most version <1.4> allowed
<regen_to_eval_to_regen/dot2.pdf, id=7, 497.86pt x 622.325pt>
File: regen_to_eval_to_regen/dot2.pdf Graphic file (type pdf)

<use regen_to_eval_to_regen/dot2.pdf>

LaTeX Warning: Float too large for page by 18.94473pt on input line 83.



pdfTeX warning: pdflatex (file ./aaa_basic_no_aaa/dot2.pdf): PDF inclusion: fou
nd PDF version <1.5>, but at most version <1.4> allowed
<aaa_basic_no_aaa/dot2.pdf, id=9, 934.49126pt x 694.595pt>
File: aaa_basic_no_aaa/dot2.pdf Graphic file (type pdf)

<use aaa_basic_no_aaa/dot2.pdf>

pdfTeX warning: pdflatex (file ./aaa_basic_with_aaa/dot2.pdf): PDF inclusion: f
ound PDF version <1.5>, but at most version <1.4> allowed
<aaa_basic_with_aaa/dot2.pdf, id=11, 934.49126pt x 694.595pt>
File: aaa_basic_with_aaa/dot2.pdf Graphic file (type pdf)

<use aaa_basic_with_aaa/dot2.pdf>

pdfTeX warning: pdflatex (file ./aaa_challenge_with_aaa/dot6.pdf): PDF inclusio
n: found PDF version <1.5>, but at most version <1.4> allowed
<aaa_challenge_with_aaa/dot6.pdf, id=13, 627.34375pt x 766.865pt>
File: aaa_challenge_with_aaa/dot6.pdf Graphic file (type pdf)

<use aaa_challenge_with_aaa/dot6.pdf>

pdfTeX warning: pdflatex (file ./aaa_challenge_with_aaa/dot2.pdf): PDF inclusio
n: found PDF version <1.5>, but at most version <1.4> allowed
<aaa_challenge_with_aaa/dot2.pdf, id=15, 669.50125pt x 766.865pt>
File: aaa_challenge_with_aaa/dot2.pdf Graphic file (type pdf)

<use aaa_challenge_with_aaa/dot2.pdf> [1{/var/lib/texmf/fonts/map/pdftex/updmap
/pdftex.map} <./erg_to_drg/dot4.pdf> <./erg_to_drg/dot2.pdf>] [2 <./regen_to_ev
al_to_regen/dot6.pdf> <./regen_to_eval_to_regen/dot2.pdf>] [3 <./aaa_basic_no_a
aa/dot2.pdf> <./aaa_basic_with_aaa/dot2.pdf>] [4 <./aaa_challenge_with_aaa/dot6
.pdf> <./aaa_challenge_with_aaa/dot2.pdf>] (./schematics.aux) ) 
Here is how much of TeX's memory you used:
 1697 strings out of 495061
 21415 string characters out of 1182620
 76041 words of memory out of 3000000
 4903 multiletter control sequences out of 15000+50000
 3939 words of font info for 15 fonts, out of 3000000 for 9000
 28 hyphenation exceptions out of 8191
 27i,6n,24p,479b,248s stack positions out of 5000i,500n,10000p,200000b,50000s
</usr/share/texm
f-texlive/fonts/type1/public/amsfonts/cm/cmr10.pfb></usr/share/texmf-texlive/fo
nts/type1/public/amsfonts/cm/cmr8.pfb>
Output written on schematics.pdf (4 pages, 69603 bytes).
PDF statistics:
 47 PDF objects out of 1000 (max. 8388607)
 0 named destinations out of 1000 (max. 500000)
 41 words of extra memory for PDF output out of 10000 (max. 10000000)

